app/build/intermediates/manifest_merge_blame_file/debug/manifest-merger-blame-debug-report.txt
1<?xml version="1.0" encoding="utf-8"?>
2<manifest xmlns:android="http://schemas.android.com/apk/res/android"
3    package="com.leolo.restaurantapp"
4    android:versionCode="1"
5    android:versionName="1.0" >
6
7    <uses-sdk
8        android:minSdkVersion="21"
8-->src/main/AndroidManifest.xml
9        android:targetSdkVersion="29" />
9-->src/main/AndroidManifest.xml
10
11    <uses-permission android:name="android.permission.INTERNET" />
11-->src/main/AndroidManifest.xml:4:5-66
11-->src/main/AndroidManifest.xml:4:22-64
12    <uses-permission android:name="android.permission.CALL_PHONE" />
12-->src/main/AndroidManifest.xml:5:5-69
12-->src/main/AndroidManifest.xml:5:22-66
13    <uses-permission android:name="android.permission.ACCESS_NETWORK_STATE" />
13-->[com.google.firebase:firebase-auth:21.0.1] AndroidManifest.xml:24:5-79
13-->[com.google.firebase:firebase-auth:21.0.1] AndroidManifest.xml:24:22-76
14    <uses-permission android:name="android.permission.WAKE_LOCK" />
14-->[com.google.android.gms:play-services-measurement-api:19.0.0] AndroidManifest.xml:24:5-68
14-->[com.google.android.gms:play-services-measurement-api:19.0.0] AndroidManifest.xml:24:22-65
15    <uses-permission android:name="com.google.android.finsky.permission.BIND_GET_INSTALL_REFERRER_SERVICE" />
15-->[com.google.android.gms:play-services-measurement:19.0.0] AndroidManifest.xml:26:5-110
15-->[com.google.android.gms:play-services-measurement:19.0.0] AndroidManifest.xml:26:22-107
16
17    <application
17-->src/main/AndroidManifest.xml:7:5-26:19
18        android:name="com.leolo.restaurantapp.adapter.GlobalVariable"
18-->src/main/AndroidManifest.xml:8:9-47
19        android:allowBackup="true"
19-->src/main/AndroidManifest.xml:9:9-35
20        android:appComponentFactory="androidx.core.app.CoreComponentFactory"
20-->[androidx.core:core:1.1.0] AndroidManifest.xml:24:18-86
21        android:debuggable="true"
22        android:icon="@mipmap/ic_launcher"
22-->src/main/AndroidManifest.xml:10:9-43
23        android:label="@string/app_name"
23-->src/main/AndroidManifest.xml:11:9-41
24        android:roundIcon="@mipmap/ic_launcher_round"
24-->src/main/AndroidManifest.xml:12:9-54
25        android:supportsRtl="true"
25-->src/main/AndroidManifest.xml:13:9-35
26        android:testOnly="true"
27        android:theme="@style/AppTheme"
27-->src/main/AndroidManifest.xml:15:9-40
28        android:usesCleartextTraffic="true" >
28-->src/main/AndroidManifest.xml:14:9-44
29        <activity android:name="com.leolo.restaurantapp.DetailsActivity" />
29-->src/main/AndroidManifest.xml:17:9-85
29-->src/main/AndroidManifest.xml:17:19-73
30        <activity android:name="com.leolo.restaurantapp.SignUpActivity" />
30-->src/main/AndroidManifest.xml:18:9-84
30-->src/main/AndroidManifest.xml:18:19-72
31        <activity android:name="com.leolo.restaurantapp.MainActivity" >
31-->src/main/AndroidManifest.xml:19:9-25:20
31-->src/main/AndroidManifest.xml:19:19-70
32            <intent-filter>
32-->src/main/AndroidManifest.xml:20:13-24:29
33                <action android:name="android.intent.action.MAIN" />
33-->src/main/AndroidManifest.xml:21:17-69
33-->src/main/AndroidManifest.xml:21:25-66
34
35                <category android:name="android.intent.category.LAUNCHER" />
35-->src/main/AndroidManifest.xml:23:17-77
35-->src/main/AndroidManifest.xml:23:27-74
36            </intent-filter>
37        </activity>
38        <activity
38-->[com.google.firebase:firebase-auth:21.0.1] AndroidManifest.xml:27:9-44:20
39            android:name="com.google.firebase.auth.internal.GenericIdpActivity"
39-->[com.google.firebase:firebase-auth:21.0.1] AndroidManifest.xml:28:13-80
40            android:excludeFromRecents="true"
40-->[com.google.firebase:firebase-auth:21.0.1] AndroidManifest.xml:29:13-46
41            android:exported="true"
41-->[com.google.firebase:firebase-auth:21.0.1] AndroidManifest.xml:30:13-36
42            android:launchMode="singleTask"
42-->[com.google.firebase:firebase-auth:21.0.1] AndroidManifest.xml:31:13-44
43            android:theme="@android:style/Theme.Translucent.NoTitleBar" >
43-->[com.google.firebase:firebase-auth:21.0.1] AndroidManifest.xml:32:13-72
44            <intent-filter>
44-->[com.google.firebase:firebase-auth:21.0.1] AndroidManifest.xml:33:13-43:29
45                <action android:name="android.intent.action.VIEW" />
45-->[com.google.firebase:firebase-auth:21.0.1] AndroidManifest.xml:34:17-69
45-->[com.google.firebase:firebase-auth:21.0.1] AndroidManifest.xml:34:25-66
46
47                <category android:name="android.intent.category.DEFAULT" />
47-->[com.google.firebase:firebase-auth:21.0.1] AndroidManifest.xml:36:17-76
47-->[com.google.firebase:firebase-auth:21.0.1] AndroidManifest.xml:36:27-73
48                <category android:name="android.intent.category.BROWSABLE" />
48-->[com.google.firebase:firebase-auth:21.0.1] AndroidManifest.xml:37:17-78
48-->[com.google.firebase:firebase-auth:21.0.1] AndroidManifest.xml:37:27-75
49
50                <data
50-->[com.google.firebase:firebase-auth:21.0.1] AndroidManifest.xml:39:17-42:51
51                    android:host="firebase.auth"
51-->[com.google.firebase:firebase-auth:21.0.1] AndroidManifest.xml:40:21-49
52                    android:path="/"
52-->[com.google.firebase:firebase-auth:21.0.1] AndroidManifest.xml:41:21-37
53                    android:scheme="genericidp" />
53-->[com.google.firebase:firebase-auth:21.0.1] AndroidManifest.xml:42:21-48
54            </intent-filter>
55        </activity>
56        <activity
56-->[com.google.firebase:firebase-auth:21.0.1] AndroidManifest.xml:45:9-62:20
57            android:name="com.google.firebase.auth.internal.RecaptchaActivity"
57-->[com.google.firebase:firebase-auth:21.0.1] AndroidManifest.xml:46:13-79
58            android:excludeFromRecents="true"
58-->[com.google.firebase:firebase-auth:21.0.1] AndroidManifest.xml:47:13-46
59            android:exported="true"
59-->[com.google.firebase:firebase-auth:21.0.1] AndroidManifest.xml:48:13-36
60            android:launchMode="singleTask"
60-->[com.google.firebase:firebase-auth:21.0.1] AndroidManifest.xml:49:13-44
61            android:theme="@android:style/Theme.Translucent.NoTitleBar" >
61-->[com.google.firebase:firebase-auth:21.0.1] AndroidManifest.xml:50:13-72
62            <intent-filter>
62-->[com.google.firebase:firebase-auth:21.0.1] AndroidManifest.xml:51:13-61:29
63                <action android:name="android.intent.action.VIEW" />
63-->[com.google.firebase:firebase-auth:21.0.1] AndroidManifest.xml:34:17-69
63-->[com.google.firebase:firebase-auth:21.0.1] AndroidManifest.xml:34:25-66
64
65                <category android:name="android.intent.category.DEFAULT" />
65-->[com.google.firebase:firebase-auth:21.0.1] AndroidManifest.xml:36:17-76
65-->[com.google.firebase:firebase-auth:21.0.1] AndroidManifest.xml:36:27-73
66                <category android:name="android.intent.category.BROWSABLE" />
66-->[com.google.firebase:firebase-auth:21.0.1] AndroidManifest.xml:37:17-78
66-->[com.google.firebase:firebase-auth:21.0.1] AndroidManifest.xml:37:27-75
67
68                <data
68-->[com.google.firebase:firebase-auth:21.0.1] AndroidManifest.xml:39:17-42:51
69                    android:host="firebase.auth"
69-->[com.google.firebase:firebase-auth:21.0.1] AndroidManifest.xml:40:21-49
70                    android:path="/"
70-->[com.google.firebase:firebase-auth:21.0.1] AndroidManifest.xml:41:21-37
71                    android:scheme="recaptcha" />
71-->[com.google.firebase:firebase-auth:21.0.1] AndroidManifest.xml:42:21-48
72            </intent-filter>
73        </activity>
74
75        <service
75-->[com.google.firebase:firebase-auth:21.0.1] AndroidManifest.xml:64:9-73:19
76            android:name="com.google.firebase.auth.api.fallback.service.FirebaseAuthFallbackService"
76-->[com.google.firebase:firebase-auth:21.0.1] AndroidManifest.xml:65:13-101
77            android:enabled="true"
77-->[com.google.firebase:firebase-auth:21.0.1] AndroidManifest.xml:66:13-35
78            android:exported="false" >
78-->[com.google.firebase:firebase-auth:21.0.1] AndroidManifest.xml:67:13-37
79            <intent-filter>
79-->[com.google.firebase:firebase-auth:21.0.1] AndroidManifest.xml:68:13-72:29
80                <action android:name="com.google.firebase.auth.api.gms.service.START" />
80-->[com.google.firebase:firebase-auth:21.0.1] AndroidManifest.xml:69:17-89
80-->[com.google.firebase:firebase-auth:21.0.1] AndroidManifest.xml:69:25-86
81
82                <category android:name="android.intent.category.DEFAULT" />
82-->[com.google.firebase:firebase-auth:21.0.1] AndroidManifest.xml:36:17-76
82-->[com.google.firebase:firebase-auth:21.0.1] AndroidManifest.xml:36:27-73
83            </intent-filter>
84        </service>
85        <service
85-->[com.google.firebase:firebase-auth:21.0.1] AndroidManifest.xml:74:9-80:19
86            android:name="com.google.firebase.components.ComponentDiscoveryService"
86-->[com.google.firebase:firebase-auth:21.0.1] AndroidManifest.xml:75:13-84
87            android:directBootAware="true"
87-->[com.google.firebase:firebase-common:20.0.0] AndroidManifest.xml:35:13-43
88            android:exported="false" >
88-->[com.google.firebase:firebase-auth:21.0.1] AndroidManifest.xml:76:13-37
89            <meta-data
89-->[com.google.firebase:firebase-auth:21.0.1] AndroidManifest.xml:77:13-79:85
90                android:name="com.google.firebase.components:com.google.firebase.auth.FirebaseAuthRegistrar"
90-->[com.google.firebase:firebase-auth:21.0.1] AndroidManifest.xml:78:17-109
91                android:value="com.google.firebase.components.ComponentRegistrar" />
91-->[com.google.firebase:firebase-auth:21.0.1] AndroidManifest.xml:79:17-82
92            <meta-data
92-->[com.google.firebase:firebase-database:20.0.0] AndroidManifest.xml:32:13-34:85
93                android:name="com.google.firebase.components:com.google.firebase.database.DatabaseRegistrar"
93-->[com.google.firebase:firebase-database:20.0.0] AndroidManifest.xml:33:17-109
94                android:value="com.google.firebase.components.ComponentRegistrar" />
94-->[com.google.firebase:firebase-database:20.0.0] AndroidManifest.xml:34:17-82
95            <meta-data
95-->[com.google.android.gms:play-services-measurement-api:19.0.0] AndroidManifest.xml:30:13-32:85
96                android:name="com.google.firebase.components:com.google.firebase.analytics.connector.internal.AnalyticsConnectorRegistrar"
96-->[com.google.android.gms:play-services-measurement-api:19.0.0] AndroidManifest.xml:31:17-139
97                android:value="com.google.firebase.components.ComponentRegistrar" />
97-->[com.google.android.gms:play-services-measurement-api:19.0.0] AndroidManifest.xml:32:17-82
98            <meta-data
98-->[com.google.firebase:firebase-installations:17.0.0] AndroidManifest.xml:18:13-20:85
99                android:name="com.google.firebase.components:com.google.firebase.installations.FirebaseInstallationsRegistrar"
99-->[com.google.firebase:firebase-installations:17.0.0] AndroidManifest.xml:19:17-127
100                android:value="com.google.firebase.components.ComponentRegistrar" />
100-->[com.google.firebase:firebase-installations:17.0.0] AndroidManifest.xml:20:17-82
101        </service>
102
103        <provider
103-->[com.google.firebase:firebase-common:20.0.0] AndroidManifest.xml:26:9-31:39
104            android:name="com.google.firebase.provider.FirebaseInitProvider"
104-->[com.google.firebase:firebase-common:20.0.0] AndroidManifest.xml:27:13-77
105            android:authorities="com.leolo.restaurantapp.firebaseinitprovider"
105-->[com.google.firebase:firebase-common:20.0.0] AndroidManifest.xml:28:13-72
106            android:directBootAware="true"
106-->[com.google.firebase:firebase-common:20.0.0] AndroidManifest.xml:29:13-43
107            android:exported="false"
107-->[com.google.firebase:firebase-common:20.0.0] AndroidManifest.xml:30:13-37
108            android:initOrder="100" />
108-->[com.google.firebase:firebase-common:20.0.0] AndroidManifest.xml:31:13-36
109
110        <activity
110-->[com.google.android.gms:play-services-base:17.1.0] AndroidManifest.xml:23:9-26:75
111            android:name="com.google.android.gms.common.api.GoogleApiActivity"
111-->[com.google.android.gms:play-services-base:17.1.0] AndroidManifest.xml:24:13-79
112            android:exported="false"
112-->[com.google.android.gms:play-services-base:17.1.0] AndroidManifest.xml:25:13-37
113            android:theme="@android:style/Theme.Translucent.NoTitleBar" />
113-->[com.google.android.gms:play-services-base:17.1.0] AndroidManifest.xml:26:13-72
114
115        <receiver
115-->[com.google.android.gms:play-services-measurement:19.0.0] AndroidManifest.xml:29:9-33:20
116            android:name="com.google.android.gms.measurement.AppMeasurementReceiver"
116-->[com.google.android.gms:play-services-measurement:19.0.0] AndroidManifest.xml:30:13-85
117            android:enabled="true"
117-->[com.google.android.gms:play-services-measurement:19.0.0] AndroidManifest.xml:31:13-35
118            android:exported="false" >
118-->[com.google.android.gms:play-services-measurement:19.0.0] AndroidManifest.xml:32:13-37
119        </receiver>
120
121        <service
121-->[com.google.android.gms:play-services-measurement:19.0.0] AndroidManifest.xml:35:9-38:40
122            android:name="com.google.android.gms.measurement.AppMeasurementService"
122-->[com.google.android.gms:play-services-measurement:19.0.0] AndroidManifest.xml:36:13-84
123            android:enabled="true"
123-->[com.google.android.gms:play-services-measurement:19.0.0] AndroidManifest.xml:37:13-35
124            android:exported="false" />
124-->[com.google.android.gms:play-services-measurement:19.0.0] AndroidManifest.xml:38:13-37
125        <service
125-->[com.google.android.gms:play-services-measurement:19.0.0] AndroidManifest.xml:39:9-43:72
126            android:name="com.google.android.gms.measurement.AppMeasurementJobService"
126-->[com.google.android.gms:play-services-measurement:19.0.0] AndroidManifest.xml:40:13-87
127            android:enabled="true"
127-->[com.google.android.gms:play-services-measurement:19.0.0] AndroidManifest.xml:41:13-35
128            android:exported="false"
128-->[com.google.android.gms:play-services-measurement:19.0.0] AndroidManifest.xml:42:13-37
129            android:permission="android.permission.BIND_JOB_SERVICE" />
129-->[com.google.android.gms:play-services-measurement:19.0.0] AndroidManifest.xml:43:13-69
130
131        <meta-data
131-->[com.google.android.gms:play-services-basement:17.1.0] AndroidManifest.xml:23:9-25:69
132            android:name="com.google.android.gms.version"
132-->[com.google.android.gms:play-services-basement:17.1.0] AndroidManifest.xml:24:13-58
133            android:value="@integer/google_play_services_version" />
133-->[com.google.android.gms:play-services-basement:17.1.0] AndroidManifest.xml:25:13-66
134    </application>
135
136</manifest>